<?xml version="1.0" encoding="UTF-8"?>
<testng-results skipped="0" failed="1" total="2" passed="1">
  <reporter-output>
  </reporter-output>
  <suite name="Default suite" duration-ms="34132" started-at="2015-04-13T17:40:23Z" finished-at="2015-04-13T17:40:57Z">
    <groups>
    </groups>
    <test name="Default test" duration-ms="34132" started-at="2015-04-13T17:40:23Z" finished-at="2015-04-13T17:40:57Z">
      <class name="Tests.WhenUserRunApp">
        <test-method status="PASS" signature="setUp()[pri:0, instance:Tests.WhenUserRunApp@5ef4f91d]" name="setUp" is-config="true" duration-ms="24755" started-at="2015-04-13T19:40:23Z" finished-at="2015-04-13T19:40:48Z">
          <reporter-output>
          </reporter-output>
        </test-method> <!-- setUp -->
        <test-method status="PASS" signature="ShouldDisplayCloseButtonInSlide()[pri:0, instance:Tests.WhenUserRunApp@5ef4f91d]" name="ShouldDisplayCloseButtonInSlide" duration-ms="118" started-at="2015-04-13T19:40:48Z" finished-at="2015-04-13T19:40:48Z">
          <reporter-output>
          </reporter-output>
        </test-method> <!-- ShouldDisplayCloseButtonInSlide -->
        <test-method status="PASS" signature="ScreenshotWhenFail(org.testng.ITestResult)[pri:0, instance:Tests.WhenUserRunApp@5ef4f91d]" name="ScreenshotWhenFail" is-config="true" duration-ms="2" started-at="2015-04-13T19:40:48Z" finished-at="2015-04-13T19:40:48Z">
          <params>
            <param index="0">
              <value>
                <![CDATA[[TestResult name=ShouldDisplayCloseButtonInSlide status=SUCCESS method=WhenUserRunApp.ShouldDisplayCloseButtonInSlide()[pri:0, instance:Tests.WhenUserRunApp@5ef4f91d] output={null}]]]>
              </value>
            </param>
          </params>
          <reporter-output>
          </reporter-output>
        </test-method> <!-- ScreenshotWhenFail -->
        <test-method status="FAIL" signature="ShouldSwipAllSlideAndDisplaySharingButton()[pri:0, instance:Tests.WhenUserRunApp@5ef4f91d]" name="ShouldSwipAllSlideAndDisplaySharingButton" duration-ms="7682" started-at="2015-04-13T19:40:48Z" finished-at="2015-04-13T19:40:56Z">
          <exception class="java.lang.AssertionError">
            <message>
              <![CDATA[Can't see [Start sharing now] expected [true] but found [false]]]>
            </message>
            <full-stacktrace>
              <![CDATA[java.lang.AssertionError: Can't see [Start sharing now] expected [true] but found [false]
	at org.testng.Assert.fail(Assert.java:94)
	at org.testng.Assert.failNotEquals(Assert.java:494)
	at org.testng.Assert.assertTrue(Assert.java:42)
	at Tests.WhenUserRunApp.ShouldSwipAllSlideAndDisplaySharingButton(WhenUserRunApp.java:33)
	at sun.reflect.NativeMethodAccessorImpl.invoke0(Native Method)
	at sun.reflect.NativeMethodAccessorImpl.invoke(Unknown Source)
	at sun.reflect.DelegatingMethodAccessorImpl.invoke(Unknown Source)
	at java.lang.reflect.Method.invoke(Unknown Source)
	at org.testng.internal.MethodInvocationHelper.invokeMethod(MethodInvocationHelper.java:84)
	at org.testng.internal.Invoker.invokeMethod(Invoker.java:714)
	at org.testng.internal.Invoker.invokeTestMethod(Invoker.java:901)
	at org.testng.internal.Invoker.invokeTestMethods(Invoker.java:1231)
	at org.testng.internal.TestMethodWorker.invokeTestMethods(TestMethodWorker.java:127)
	at org.testng.internal.TestMethodWorker.run(TestMethodWorker.java:111)
	at org.testng.TestRunner.privateRun(TestRunner.java:767)
	at org.testng.TestRunner.run(TestRunner.java:617)
	at org.testng.SuiteRunner.runTest(SuiteRunner.java:334)
	at org.testng.SuiteRunner.runSequentially(SuiteRunner.java:329)
	at org.testng.SuiteRunner.privateRun(SuiteRunner.java:291)
	at org.testng.SuiteRunner.run(SuiteRunner.java:240)
	at org.testng.SuiteRunnerWorker.runSuite(SuiteRunnerWorker.java:52)
	at org.testng.SuiteRunnerWorker.run(SuiteRunnerWorker.java:86)
	at org.testng.TestNG.runSuitesSequentially(TestNG.java:1224)
	at org.testng.TestNG.runSuitesLocally(TestNG.java:1149)
	at org.testng.TestNG.run(TestNG.java:1057)
	at org.testng.remote.RemoteTestNG.run(RemoteTestNG.java:111)
	at org.testng.remote.RemoteTestNG.initAndRun(RemoteTestNG.java:204)
	at org.testng.remote.RemoteTestNG.main(RemoteTestNG.java:175)
]]>
            </full-stacktrace>
          </exception> <!-- java.lang.AssertionError -->
          <reporter-output>
          </reporter-output>
        </test-method> <!-- ShouldSwipAllSlideAndDisplaySharingButton -->
        <test-method status="PASS" signature="ScreenshotWhenFail(org.testng.ITestResult)[pri:0, instance:Tests.WhenUserRunApp@5ef4f91d]" name="ScreenshotWhenFail" is-config="true" duration-ms="744" started-at="2015-04-13T19:40:56Z" finished-at="2015-04-13T19:40:56Z">
          <params>
            <param index="0">
              <value>
                <![CDATA[[TestResult name=ShouldSwipAllSlideAndDisplaySharingButton status=FAILURE method=WhenUserRunApp.ShouldSwipAllSlideAndDisplaySharingButton()[pri:0, instance:Tests.WhenUserRunApp@5ef4f91d] output={null}]]]>
              </value>
            </param>
          </params>
          <reporter-output>
          </reporter-output>
        </test-method> <!-- ScreenshotWhenFail -->
        <test-method status="PASS" signature="tearDown()[pri:0, instance:Tests.WhenUserRunApp@5ef4f91d]" name="tearDown" is-config="true" duration-ms="794" started-at="2015-04-13T19:40:56Z" finished-at="2015-04-13T19:40:57Z">
          <reporter-output>
          </reporter-output>
        </test-method> <!-- tearDown -->
      </class> <!-- Tests.WhenUserRunApp -->
    </test> <!-- Default test -->
  </suite> <!-- Default suite -->
</testng-results>
